===20180415-164352,login_cb[57]=== Got a POST request for </login>
===20180415-164352,login_cb[77]=== [post_data][18]=
 this is post data

===20180415-164417,login_cb[57]=== Got a POST request for </login>
===20180415-164417,login_cb[77]=== [post_data][18]=
 this is post data

===20180415-164940,login_cb[57]=== Got a POST request for </login>
===20180415-164940,login_cb[77]=== [post_data][18]=
 this is post data

===20180415-171440,login_cb[57]=== Got a POST request for </login>
===20180415-171440,login_cb[77]=== [post_data][18]=
 this is post data

===20180415-172458,login_cb[57]=== Got a POST request for </login>
===20180415-172458,login_cb[77]=== [post_data][18]=
 this is post data

===20180415-173544,login_cb[57]=== Got a POST request for </login>
===20180415-173544,login_cb[77]=== [post_data][18]=
 this is post data

===20180415-190548,login_cb[57]=== Got a POST request for </login>
===20180415-190548,login_cb[77]=== [post_data][9]=
 {BTime:}

===20180415-190631,login_cb[57]=== Got a POST request for </login>
===20180415-190631,login_cb[77]=== [post_data][23]=
 {username:zengxiaosen}

===20180415-191157,login_cb[57]=== Got a POST request for </login>
===20180415-191157,login_cb[77]=== [post_data][21]=
 username:zengxiaosen

===20180415-191252,login_cb[57]=== Got a POST request for </login>
===20180415-191252,login_cb[77]=== [post_data][23]=
 {username:zengxiaosen}

===20180415-194108,login_cb[57]=== Got a POST request for </login>
===20180415-194108,login_cb[77]=== [post_data][23]=
 {username:zengxiaosen}

===20180415-194537,login_cb[57]=== Got a POST request for </login>
===20180415-194537,login_cb[77]=== [post_data][23]=
 {username:zengxiaosen}

===20180415-194903,login_cb[57]=== Got a POST request for </login>
===20180415-194903,login_cb[77]=== [post_data][23]=
 {username:zengxiaosen}

===20180415-201528,login_cb[57]=== Got a POST request for </login>
===20180415-201528,login_cb[77]=== [post_data][23]=
 {username:zengxiaosen}

